<?xml version="1.0" encoding="UTF-8"?>
<!-- Generated by org.testng.reporters.JUnitXMLReporter -->
<testsuite hostname="Joshika" ignored="1" name="FirefoxTest" tests="2" failures="2" timestamp="04 Nov 2022 19:41:06 GMT" time="2.283" errors="0">
  <testcase name="test2" time="0.0" classname="org.parallelll.Facebook">
    <failure type="org.testng.TestNGException" message="
Method public void org.parallelll.Facebook.test2(java.lang.String,java.lang.String) throws java.lang.InterruptedException requires a @DataProvider named : login in class javax.xml.crypto.Data">
      <![CDATA[org.testng.TestNGException: 
Method public void org.parallelll.Facebook.test2(java.lang.String,java.lang.String) throws java.lang.InterruptedException requires a @DataProvider named : login in class javax.xml.crypto.Data
... Removed 22 stack frames]]>
    </failure>
  </testcase> <!-- test2 -->
  <testcase name="test3" time="0.0" classname="org.parallelll.Facebook">
    <failure type="org.testng.TestNGException" message="
Method public void org.parallelll.Facebook.test3(java.lang.String,java.lang.String) requires a @DataProvider named : reg in class javax.xml.crypto.Data">
      <![CDATA[org.testng.TestNGException: 
Method public void org.parallelll.Facebook.test3(java.lang.String,java.lang.String) requires a @DataProvider named : reg in class javax.xml.crypto.Data
... Removed 22 stack frames]]>
    </failure>
  </testcase> <!-- test3 -->
  <testcase name="test1" time="0.0" classname="org.parallelll.Facebook">
    <ignored/>
  </testcase> <!-- test1 -->
</testsuite> <!-- FirefoxTest -->
