<?xml version="1.0" encoding="UTF-8"?>
<!-- Generated by org.testng.reporters.JUnitXMLReporter -->
<testsuite hostname="Joshika" ignored="0" name="Test1" tests="12" failures="0" timestamp="04 Nov 2022 19:37:05 GMT" time="0.107" errors="0">
  <testcase name="testB1" time="0.015" classname="org.parallelll.B"/>
  <testcase name="testB2" time="0.003" classname="org.parallelll.B"/>
  <testcase name="testB3" time="0.002" classname="org.parallelll.B"/>
  <testcase name="testA1" time="0.001" classname="org.parallelll.A"/>
  <testcase name="testA2" time="0.0" classname="org.parallelll.A"/>
  <testcase name="testA3" time="0.001" classname="org.parallelll.A"/>
  <testcase name="testA4" time="0.002" classname="org.parallelll.A"/>
  <testcase name="testA5" time="0.001" classname="org.parallelll.A"/>
  <testcase name="testA6" time="0.002" classname="org.parallelll.A"/>
  <testcase name="testA7" time="0.0" classname="org.parallelll.A"/>
  <testcase name="testA8" time="0.0" classname="org.parallelll.A"/>
  <testcase name="testA9" time="0.001" classname="org.parallelll.A"/>
</testsuite> <!-- Test1 -->
